  pch.cpp
  AssemblyInfo.cpp
  CppCLR_WinformsProjekt.cpp
C:\Users\p251362\Dropbox\Programming\explicit_genome_speciation_gui\explicit_genome_speciation_gui\library\Collector.h(101,21): warning C4018: '<': signed/unsigned mismatch
  Form1.cpp
  Collector.cpp
C:\Users\p251362\Dropbox\Programming\explicit_genome_speciation_gui\explicit_genome_speciation_gui\Form1.h(154,23): warning C4018: '<': signed/unsigned mismatch
  Deme.cpp
  Gamete.cpp
  GenArch.cpp
  Individual.cpp
  Locus.cpp
  MetaPop.cpp
  Network.cpp
  Output.cpp
  Param.cpp
  Random.cpp
  Stats.cpp
  Trait.cpp
  Utilities.cpp
C:\Users\p251362\Dropbox\Programming\explicit_genome_speciation_gui\explicit_genome_speciation_gui\library\Collector.h(101,21): warning C4018: '<': signed/unsigned mismatch
C:\Program Files (x86)\Microsoft Visual Studio\2019\Community\VC\Tools\MSVC\14.23.28105\include\numeric(31,26): warning C4244: '=': conversion from 'double' to '_Ty', possible loss of data
C:\Program Files (x86)\Microsoft Visual Studio\2019\Community\VC\Tools\MSVC\14.23.28105\include\numeric(31,26): warning C4244:         with
C:\Program Files (x86)\Microsoft Visual Studio\2019\Community\VC\Tools\MSVC\14.23.28105\include\numeric(31,26): warning C4244:         [
C:\Program Files (x86)\Microsoft Visual Studio\2019\Community\VC\Tools\MSVC\14.23.28105\include\numeric(31,26): warning C4244:             _Ty=int
C:\Program Files (x86)\Microsoft Visual Studio\2019\Community\VC\Tools\MSVC\14.23.28105\include\numeric(31,26): warning C4244:         ]
C:\Program Files (x86)\Microsoft Visual Studio\2019\Community\VC\Tools\MSVC\14.23.28105\include\numeric(40): message : see reference to function template instantiation '_Ty std::accumulate<_InIt,_Ty,std::plus<void>>(const _InIt,const _InIt,_Ty,_Fn)' being compiled
C:\Program Files (x86)\Microsoft Visual Studio\2019\Community\VC\Tools\MSVC\14.23.28105\include\numeric(40): message :         with
C:\Program Files (x86)\Microsoft Visual Studio\2019\Community\VC\Tools\MSVC\14.23.28105\include\numeric(40): message :         [
C:\Program Files (x86)\Microsoft Visual Studio\2019\Community\VC\Tools\MSVC\14.23.28105\include\numeric(40): message :             _Ty=int,
C:\Program Files (x86)\Microsoft Visual Studio\2019\Community\VC\Tools\MSVC\14.23.28105\include\numeric(40): message :             _InIt=std::_Vector_iterator<std::_Vector_val<std::_Simple_types<double>>>,
C:\Program Files (x86)\Microsoft Visual Studio\2019\Community\VC\Tools\MSVC\14.23.28105\include\numeric(40): message :             _Fn=std::plus<void>
C:\Program Files (x86)\Microsoft Visual Studio\2019\Community\VC\Tools\MSVC\14.23.28105\include\numeric(40): message :         ]
  Generating Code...
C:\Users\p251362\Dropbox\Programming\explicit_genome_speciation_gui\explicit_genome_speciation_gui\library\Utilities.cpp(93): message : see reference to function template instantiation '_Ty std::accumulate<std::_Vector_iterator<std::_Vector_val<std::_Simple_types<double>>>,int>(const _InIt,const _InIt,_Ty)' being compiled
C:\Users\p251362\Dropbox\Programming\explicit_genome_speciation_gui\explicit_genome_speciation_gui\library\Utilities.cpp(93): message :         with
C:\Users\p251362\Dropbox\Programming\explicit_genome_speciation_gui\explicit_genome_speciation_gui\library\Utilities.cpp(93): message :         [
C:\Users\p251362\Dropbox\Programming\explicit_genome_speciation_gui\explicit_genome_speciation_gui\library\Utilities.cpp(93): message :             _Ty=int,
C:\Users\p251362\Dropbox\Programming\explicit_genome_speciation_gui\explicit_genome_speciation_gui\library\Utilities.cpp(93): message :             _InIt=std::_Vector_iterator<std::_Vector_val<std::_Simple_types<double>>>
C:\Users\p251362\Dropbox\Programming\explicit_genome_speciation_gui\explicit_genome_speciation_gui\library\Utilities.cpp(93): message :         ]
  AssemblyInfo.obj : MSIL module encountered; incremental linking is disabled for MSIL; performing full link
  explicit_genome_speciation_gui.vcxproj -> C:\Users\p251362\Dropbox\Programming\explicit_genome_speciation_gui\Debug\explicit_genome_speciation_gui.exe
