c:\users\p251362\dropbox\programming\explicit_genome_speciation_gui\explicit_genome_speciation_gui\debug\explicit_genome_speciation_gui.pch
c:\users\p251362\dropbox\programming\explicit_genome_speciation_gui\explicit_genome_speciation_gui\debug\vc142.pdb
c:\users\p251362\dropbox\programming\explicit_genome_speciation_gui\explicit_genome_speciation_gui\debug\pch.obj
c:\users\p251362\dropbox\programming\explicit_genome_speciation_gui\explicit_genome_speciation_gui\debug\utilities.obj
c:\users\p251362\dropbox\programming\explicit_genome_speciation_gui\explicit_genome_speciation_gui\debug\trait.obj
c:\users\p251362\dropbox\programming\explicit_genome_speciation_gui\explicit_genome_speciation_gui\debug\stats.obj
c:\users\p251362\dropbox\programming\explicit_genome_speciation_gui\explicit_genome_speciation_gui\debug\simul.obj
c:\users\p251362\dropbox\programming\explicit_genome_speciation_gui\explicit_genome_speciation_gui\debug\random.obj
c:\users\p251362\dropbox\programming\explicit_genome_speciation_gui\explicit_genome_speciation_gui\debug\param.obj
c:\users\p251362\dropbox\programming\explicit_genome_speciation_gui\explicit_genome_speciation_gui\debug\output.obj
c:\users\p251362\dropbox\programming\explicit_genome_speciation_gui\explicit_genome_speciation_gui\debug\network.obj
c:\users\p251362\dropbox\programming\explicit_genome_speciation_gui\explicit_genome_speciation_gui\debug\metapop.obj
c:\users\p251362\dropbox\programming\explicit_genome_speciation_gui\explicit_genome_speciation_gui\debug\locus.obj
c:\users\p251362\dropbox\programming\explicit_genome_speciation_gui\explicit_genome_speciation_gui\debug\individual.obj
c:\users\p251362\dropbox\programming\explicit_genome_speciation_gui\explicit_genome_speciation_gui\debug\genarch.obj
c:\users\p251362\dropbox\programming\explicit_genome_speciation_gui\explicit_genome_speciation_gui\debug\gamete.obj
c:\users\p251362\dropbox\programming\explicit_genome_speciation_gui\explicit_genome_speciation_gui\debug\deme.obj
c:\users\p251362\dropbox\programming\explicit_genome_speciation_gui\explicit_genome_speciation_gui\debug\collector.obj
c:\users\p251362\dropbox\programming\explicit_genome_speciation_gui\explicit_genome_speciation_gui\debug\form1.obj
c:\users\p251362\dropbox\programming\explicit_genome_speciation_gui\explicit_genome_speciation_gui\debug\cppclr_winformsprojekt.obj
c:\users\p251362\dropbox\programming\explicit_genome_speciation_gui\explicit_genome_speciation_gui\debug\assemblyinfo.obj
c:\users\p251362\dropbox\programming\explicit_genome_speciation_gui\explicit_genome_speciation_gui\debug\.netframework,version=v4.7.2.assemblyattributes.obj
c:\users\p251362\dropbox\programming\explicit_genome_speciation_gui\explicit_genome_speciation_gui\debug\.netframework,version=v4.7.2.assemblyattributes.asm
c:\users\p251362\dropbox\programming\explicit_genome_speciation_gui\explicit_genome_speciation_gui\debug\explicit_genome_speciation_gui.form1.resources
c:\users\p251362\dropbox\programming\explicit_genome_speciation_gui\debug\explicit_genome_speciation_gui.exe
c:\users\p251362\dropbox\programming\explicit_genome_speciation_gui\debug\explicit_genome_speciation_gui.pdb
c:\users\p251362\dropbox\programming\explicit_genome_speciation_gui\explicit_genome_speciation_gui\debug\app.res
c:\users\p251362\dropbox\programming\explicit_genome_speciation_gui\explicit_genome_speciation_gui\debug\explicit_genome_speciation_gui.vcxproj.generateresource.cache
c:\users\p251362\dropbox\programming\explicit_genome_speciation_gui\explicit_genome_speciation_gui\debug\explicit_genome_speciation_gui.vcxprojassemblyreference.cache
c:\users\p251362\dropbox\programming\explicit_genome_speciation_gui\explicit_genome_speciation_gui\debug\explicit.1d6bf5ef.tlog\cl.command.1.tlog
c:\users\p251362\dropbox\programming\explicit_genome_speciation_gui\explicit_genome_speciation_gui\debug\explicit.1d6bf5ef.tlog\cl.read.1.tlog
c:\users\p251362\dropbox\programming\explicit_genome_speciation_gui\explicit_genome_speciation_gui\debug\explicit.1d6bf5ef.tlog\cl.write.1.tlog
c:\users\p251362\dropbox\programming\explicit_genome_speciation_gui\explicit_genome_speciation_gui\debug\explicit.1d6bf5ef.tlog\explicit_genome_speciation_gui.write.1u.tlog
c:\users\p251362\dropbox\programming\explicit_genome_speciation_gui\explicit_genome_speciation_gui\debug\explicit.1d6bf5ef.tlog\link.1188.delete.1.tlog
c:\users\p251362\dropbox\programming\explicit_genome_speciation_gui\explicit_genome_speciation_gui\debug\explicit.1d6bf5ef.tlog\link.command.1.tlog
c:\users\p251362\dropbox\programming\explicit_genome_speciation_gui\explicit_genome_speciation_gui\debug\explicit.1d6bf5ef.tlog\link.read.1.tlog
c:\users\p251362\dropbox\programming\explicit_genome_speciation_gui\explicit_genome_speciation_gui\debug\explicit.1d6bf5ef.tlog\link.write.1.tlog
c:\users\p251362\dropbox\programming\explicit_genome_speciation_gui\explicit_genome_speciation_gui\debug\explicit.1d6bf5ef.tlog\metagen.read.1.tlog
c:\users\p251362\dropbox\programming\explicit_genome_speciation_gui\explicit_genome_speciation_gui\debug\explicit.1d6bf5ef.tlog\metagen.write.1.tlog
c:\users\p251362\dropbox\programming\explicit_genome_speciation_gui\explicit_genome_speciation_gui\debug\explicit.1d6bf5ef.tlog\rc.command.1.tlog
c:\users\p251362\dropbox\programming\explicit_genome_speciation_gui\explicit_genome_speciation_gui\debug\explicit.1d6bf5ef.tlog\rc.read.1.tlog
c:\users\p251362\dropbox\programming\explicit_genome_speciation_gui\explicit_genome_speciation_gui\debug\explicit.1d6bf5ef.tlog\rc.write.1.tlog
